TN:
SF:/Users/airongbin/iwork/uxcore/uxcore-tinymce/src/Tinymce.jsx
FN:7,(anonymous_1)
FN:7,(anonymous_2)
FN:29,_interopRequireDefault
FN:31,_defaults
FN:33,_classCallCheck
FN:35,_possibleConstructorReturn
FN:37,_inherits
FN:53,(anonymous_8)
FN:57,(anonymous_9)
FN:60,Tinymce
FN:66,componentWillMount
FN:73,componentDidMount
FN:77,componentWillReceiveProps
FN:90,shouldComponentUpdate
FN:94,componentWillUnmount
FN:98,setTinymceContent
FN:106,saveRef
FN:108,(anonymous_18)
FN:113,resetValue
FN:118,(anonymous_20)
FN:127,init
FN:139,(anonymous_22)
FN:140,(anonymous_23)
FN:143,(anonymous_24)
FN:150,(anonymous_25)
FN:164,remove
FN:169,render
FN:194,(anonymous_28)
FNF:28
FNH:25
FNDA:0,(anonymous_1)
FNDA:5,(anonymous_2)
FNDA:5,_interopRequireDefault
FNDA:1,_defaults
FNDA:5,_classCallCheck
FNDA:5,_possibleConstructorReturn
FNDA:1,_inherits
FNDA:62,(anonymous_8)
FNDA:1,(anonymous_9)
FNDA:5,Tinymce
FNDA:5,componentWillMount
FNDA:5,componentDidMount
FNDA:1,componentWillReceiveProps
FNDA:1,shouldComponentUpdate
FNDA:0,componentWillUnmount
FNDA:2,setTinymceContent
FNDA:6,saveRef
FNDA:7,(anonymous_18)
FNDA:1,resetValue
FNDA:1,(anonymous_20)
FNDA:5,init
FNDA:5,(anonymous_22)
FNDA:310,(anonymous_23)
FNDA:2,(anonymous_24)
FNDA:5,(anonymous_25)
FNDA:0,remove
FNDA:6,render
FNDA:62,(anonymous_28)
DA:3,1
DA:7,5
DA:9,1
DA:11,1
DA:13,1
DA:15,1
DA:17,1
DA:19,1
DA:21,1
DA:23,1
DA:25,1
DA:27,1
DA:29,5
DA:31,5
DA:33,5
DA:35,5
DA:37,1
DA:48,1
DA:53,1
DA:54,62
DA:57,1
DA:58,1
DA:60,1
DA:61,5
DA:63,5
DA:66,1
DA:67,5
DA:68,0
DA:70,5
DA:73,1
DA:74,5
DA:77,1
DA:78,1
DA:79,0
DA:81,1
DA:82,1
DA:85,1
DA:90,1
DA:91,1
DA:94,1
DA:95,0
DA:98,1
DA:99,2
DA:100,2
DA:101,2
DA:102,2
DA:103,2
DA:106,1
DA:107,6
DA:108,6
DA:109,7
DA:113,1
DA:114,1
DA:115,1
DA:116,0
DA:118,1
DA:119,1
DA:120,1
DA:122,0
DA:127,1
DA:128,5
DA:129,5
DA:130,0
DA:133,5
DA:134,5
DA:135,5
DA:136,5
DA:137,5
DA:139,5
DA:140,5
DA:141,310
DA:142,310
DA:143,2
DA:145,2
DA:150,5
DA:151,5
DA:152,5
DA:153,1
DA:154,4
DA:155,0
DA:159,5
DA:160,5
DA:161,5
DA:164,1
DA:165,0
DA:166,0
DA:169,1
DA:170,6
DA:177,1
DA:180,1
DA:186,1
DA:194,1
DA:195,62
DA:198,1
DA:200,1
DA:201,1
LF:96
LH:87
BRDA:7,1,0,0
BRDA:7,1,1,1
BRDA:7,2,0,1
BRDA:7,2,1,0
BRDA:7,3,0,0
BRDA:7,3,1,5
BRDA:7,4,0,5
BRDA:7,4,1,5
BRDA:7,4,2,0
BRDA:7,4,3,0
BRDA:29,5,0,0
BRDA:29,5,1,5
BRDA:29,6,0,5
BRDA:29,6,1,5
BRDA:31,7,0,0
BRDA:31,7,1,5
BRDA:31,8,0,5
BRDA:31,8,1,5
BRDA:31,8,2,0
BRDA:33,9,0,0
BRDA:33,9,1,5
BRDA:35,10,0,0
BRDA:35,10,1,5
BRDA:35,11,0,0
BRDA:35,11,1,5
BRDA:35,12,0,5
BRDA:35,12,1,0
BRDA:35,12,2,0
BRDA:37,13,0,0
BRDA:37,13,1,1
BRDA:37,14,0,1
BRDA:37,14,1,0
BRDA:37,15,0,1
BRDA:37,15,1,1
BRDA:37,16,0,1
BRDA:37,16,1,0
BRDA:37,17,0,0
BRDA:37,17,1,1
BRDA:67,18,0,0
BRDA:67,18,1,5
BRDA:70,19,0,5
BRDA:70,19,1,5
BRDA:78,20,0,0
BRDA:78,20,1,1
BRDA:81,21,0,1
BRDA:81,21,1,0
BRDA:81,22,0,1
BRDA:81,22,1,1
BRDA:82,23,0,0
BRDA:82,23,1,1
BRDA:91,24,0,1
BRDA:91,24,1,0
BRDA:115,25,0,0
BRDA:115,25,1,1
BRDA:119,26,0,1
BRDA:119,26,1,0
BRDA:129,27,0,0
BRDA:129,27,1,5
BRDA:136,28,0,5
BRDA:136,28,1,0
BRDA:142,29,0,308
BRDA:142,29,1,2
BRDA:152,30,0,1
BRDA:152,30,1,4
BRDA:154,31,0,0
BRDA:154,31,1,4
BRF:66
BRH:39
end_of_record
TN:
SF:/Users/airongbin/iwork/uxcore/uxcore-tinymce/src/util.js
FN:6,uc_first
FN:9,uuid
FN:13,isEqual
FNF:3
FNH:3
FNDA:62,uc_first
FNDA:5,uuid
FNDA:3,isEqual
DA:3,1
DA:5,1
DA:7,62
DA:10,5
DA:11,5
DA:14,3
LF:6
LH:6
BRF:0
BRH:0
end_of_record
TN:
SF:/Users/airongbin/iwork/uxcore/uxcore-tinymce/src/editorConfig.js
FN:37,errorCallback
FN:44,progressCallback
FNF:2
FNH:0
FNDA:0,errorCallback
FNDA:0,progressCallback
DA:3,1
DA:6,1
DA:8,1
DA:10,1
DA:38,0
DA:39,0
DA:42,0
DA:45,0
DA:46,0
DA:49,0
DA:54,1
LF:11
LH:5
BRF:0
BRH:0
end_of_record
